# JRE version: Java(TM) SE Runtime Environment (11.0.1+13) (build 11.0.1+13-LTS)
# Java VM: Java HotSpot(TM) 64-Bit Server VM (11.0.1+13-LTS, mixed mode, tiered, compressed oops, g1 gc, windows-amd64)
Heap:
 garbage-first heap   total 262144K, used 131411K [0x0000000700800000, 0x0000000800000000)
  region size 1024K, 16 young (16384K), 4 survivors (4096K)
 Metaspace       used 19319K, capacity 19821K, committed 20096K, reserved 1067008K
  class space    used 1923K, capacity 2140K, committed 2176K, reserved 1048576K
GC Heap History (8 events):
Event: 1.138 GC heap before
{Heap before GC invocations=0 (full 0):
 garbage-first heap   total 262144K, used 47104K [0x0000000700800000, 0x0000000800000000)
  region size 1024K, 24 young (24576K), 0 survivors (0K)
 Metaspace       used 13061K, capacity 13361K, committed 13568K, reserved 1060864K
  class space    used 1291K, capacity 1433K, committed 1536K, reserved 1048576K
}
Event: 1.182 GC heap after
{Heap after GC invocations=1 (full 0):
 garbage-first heap   total 262144K, used 22764K [0x0000000700800000, 0x0000000800000000)
  region size 1024K, 3 young (3072K), 3 survivors (3072K)
 Metaspace       used 13061K, capacity 13361K, committed 13568K, reserved 1060864K
  class space    used 1291K, capacity 1433K, committed 1536K, reserved 1048576K
}
Event: 59.144 GC heap before
{Heap before GC invocations=1 (full 0):
 garbage-first heap   total 262144K, used 245996K [0x0000000700800000, 0x0000000800000000)
  region size 1024K, 131 young (134144K), 3 survivors (3072K)
 Metaspace       used 19059K, capacity 19501K, committed 19584K, reserved 1067008K
  class space    used 1916K, capacity 2140K, committed 2176K, reserved 1048576K
}
Event: 59.150 GC heap after
{Heap after GC invocations=2 (full 0):
 garbage-first heap   total 262144K, used 109786K [0x0000000700800000, 0x0000000800000000)
  region size 1024K, 7 young (7168K), 7 survivors (7168K)
 Metaspace       used 19059K, capacity 19501K, committed 19584K, reserved 1067008K
  class space    used 1916K, capacity 2140K, committed 2176K, reserved 1048576K
}
Event: 79.616 GC heap before
{Heap before GC invocations=3 (full 0):
 garbage-first heap   total 262144K, used 166106K [0x0000000700800000, 0x0000000800000000)
  region size 1024K, 49 young (50176K), 7 survivors (7168K)
 Metaspace       used 19108K, capacity 19629K, committed 19840K, reserved 1067008K
  class space    used 1916K, capacity 2140K, committed 2176K, reserved 1048576K
}
Event: 79.622 GC heap after
{Heap after GC invocations=4 (full 0):
 garbage-first heap   total 262144K, used 125978K [0x0000000700800000, 0x0000000800000000)
  region size 1024K, 10 young (10240K), 10 survivors (10240K)
 Metaspace       used 19108K, capacity 19629K, committed 19840K, reserved 1067008K
  class space    used 1916K, capacity 2140K, committed 2176K, reserved 1048576K
}
Event: 79.643 GC heap before
{Heap before GC invocations=5 (full 0):
 garbage-first heap   total 262144K, used 133146K [0x0000000700800000, 0x0000000800000000)
  region size 1024K, 12 young (12288K), 10 survivors (10240K)
 Metaspace       used 19112K, capacity 19629K, committed 19840K, reserved 1067008K
  class space    used 1916K, capacity 2140K, committed 2176K, reserved 1048576K
}
Event: 79.650 GC heap after
{Heap after GC invocations=6 (full 0):
 garbage-first heap   total 262144K, used 118099K [0x0000000700800000, 0x0000000800000000)
  region size 1024K, 4 young (4096K), 4 survivors (4096K)
 Metaspace       used 19112K, capacity 19629K, committed 19840K, reserved 1067008K
  class space    used 1916K, capacity 2140K, committed 2176K, reserved 1048576K
}

