# JRE version: Java(TM) SE Runtime Environment (11.0.1+13) (build 11.0.1+13-LTS)
# Java VM: Java HotSpot(TM) 64-Bit Server VM (11.0.1+13-LTS, mixed mode, tiered, compressed oops, g1 gc, windows-amd64)
Heap:
 garbage-first heap   total 262144K, used 132543K [0x0000000700800000, 0x0000000800000000)
  region size 1024K, 11 young (11264K), 8 survivors (8192K)
 Metaspace       used 19909K, capacity 20481K, committed 20736K, reserved 1067008K
  class space    used 1989K, capacity 2235K, committed 2304K, reserved 1048576K
GC Heap History (10 events):
Event: 53.377 GC heap before
{Heap before GC invocations=1 (full 0):
 garbage-first heap   total 262144K, used 221612K [0x0000000700800000, 0x0000000800000000)
  region size 1024K, 108 young (110592K), 3 survivors (3072K)
 Metaspace       used 19008K, capacity 19481K, committed 19584K, reserved 1067008K
  class space    used 1916K, capacity 2140K, committed 2176K, reserved 1048576K
}
Event: 53.384 GC heap after
{Heap after GC invocations=2 (full 0):
 garbage-first heap   total 262144K, used 110590K [0x0000000700800000, 0x0000000800000000)
  region size 1024K, 8 young (8192K), 8 survivors (8192K)
 Metaspace       used 19008K, capacity 19481K, committed 19584K, reserved 1067008K
  class space    used 1916K, capacity 2140K, committed 2176K, reserved 1048576K
}
Event: 77.599 GC heap before
{Heap before GC invocations=3 (full 0):
 garbage-first heap   total 262144K, used 164862K [0x0000000700800000, 0x0000000800000000)
  region size 1024K, 48 young (49152K), 8 survivors (8192K)
 Metaspace       used 19134K, capacity 19549K, committed 19840K, reserved 1067008K
  class space    used 1916K, capacity 2140K, committed 2176K, reserved 1048576K
}
Event: 77.606 GC heap after
{Heap after GC invocations=4 (full 0):
 garbage-first heap   total 262144K, used 126516K [0x0000000700800000, 0x0000000800000000)
  region size 1024K, 8 young (8192K), 8 survivors (8192K)
 Metaspace       used 19134K, capacity 19549K, committed 19840K, reserved 1067008K
  class space    used 1916K, capacity 2140K, committed 2176K, reserved 1048576K
}
Event: 89.523 GC heap before
{Heap before GC invocations=5 (full 0):
 garbage-first heap   total 262144K, used 141876K [0x0000000700800000, 0x0000000800000000)
  region size 1024K, 18 young (18432K), 8 survivors (8192K)
 Metaspace       used 19631K, capacity 20125K, committed 20224K, reserved 1067008K
  class space    used 1978K, capacity 2229K, committed 2304K, reserved 1048576K
}
Event: 89.528 GC heap after
{Heap after GC invocations=6 (full 0):
 garbage-first heap   total 262144K, used 120164K [0x0000000700800000, 0x0000000800000000)
  region size 1024K, 6 young (6144K), 6 survivors (6144K)
 Metaspace       used 19631K, capacity 20125K, committed 20224K, reserved 1067008K
  class space    used 1978K, capacity 2229K, committed 2304K, reserved 1048576K
}
Event: 105.087 GC heap before
{Heap before GC invocations=7 (full 0):
 garbage-first heap   total 262144K, used 163172K [0x0000000700800000, 0x0000000800000000)
  region size 1024K, 48 young (49152K), 6 survivors (6144K)
 Metaspace       used 19670K, capacity 20189K, committed 20480K, reserved 1067008K
  class space    used 1978K, capacity 2229K, committed 2304K, reserved 1048576K
}
Event: 105.089 GC heap after
{Heap after GC invocations=8 (full 0):
 garbage-first heap   total 262144K, used 115607K [0x0000000700800000, 0x0000000800000000)
  region size 1024K, 6 young (6144K), 6 survivors (6144K)
 Metaspace       used 19670K, capacity 20189K, committed 20480K, reserved 1067008K
  class space    used 1978K, capacity 2229K, committed 2304K, reserved 1048576K
}
Event: 117.626 GC heap before
{Heap before GC invocations=9 (full 0):
 garbage-first heap   total 262144K, used 139159K [0x0000000700800000, 0x0000000800000000)
  region size 1024K, 22 young (22528K), 6 survivors (6144K)
 Metaspace       used 19893K, capacity 20417K, committed 20736K, reserved 1067008K
  class space    used 1988K, capacity 2235K, committed 2304K, reserved 1048576K
}
Event: 117.629 GC heap after
{Heap after GC invocations=10 (full 0):
 garbage-first heap   total 262144K, used 124351K [0x0000000700800000, 0x0000000800000000)
  region size 1024K, 8 young (8192K), 8 survivors (8192K)
 Metaspace       used 19893K, capacity 20417K, committed 20736K, reserved 1067008K
  class space    used 1988K, capacity 2235K, committed 2304K, reserved 1048576K
}

